<?xml version="1.0" encoding="UTF-8"?>
<!-- Generated by org.testng.reporters.JUnitXMLReporter -->
<testsuite hostname="NagarajPersonalLaptop" ignored="0" name="Default test" tests="6" failures="0" timestamp="2020-08-16T19:49:22 IST" time="11.504" errors="0">
  <testcase name="login_Pass" time="0.886" classname="firsttestngpackage.AdminAutomation"/>
  <testcase name="useraccount_login_enabling" time="0.689" classname="firsttestngpackage.AdminAutomation"/>
  <testcase name="useraccount_features" time="0.721" classname="firsttestngpackage.AdminAutomation"/>
  <testcase name="checkbookRequests" time="0.548" classname="firsttestngpackage.AdminAutomation"/>
  <testcase name="authorization" time="0.753" classname="firsttestngpackage.AdminAutomation"/>
  <testcase name="logout" time="0.267" classname="firsttestngpackage.AdminAutomation"/>
</testsuite> <!-- Default test -->
